<?xml version="1.0" encoding="UTF-8"?>
<!-- Generated by org.testng.reporters.JUnitReportReporter -->
<testsuite hostname="Rakesh" failures="0" tests="1" name="Countries.Country1" time="0.009" errors="0" timestamp="2024-06-24T11:12:22 IST" skipped="0">
  <testcase classname="Countries.Country1" name="f" time="0.009"/>
</testsuite> <!-- Countries.Country1 -->
